生成启动时间为 2017/12/20 22:47:38。
     1>项目“D:\cygwin\home\pan\3DRecWindow\3DRecWindow\3DRecWindow.vcxproj”在节点 2 上(Build 个目标)。
     1>ClCompile:
         D:\Program Files (x86)\Microsoft Visual Studio 12.0\VC\bin\CL.exe /c /ZI /nologo /W3 /WX- /sdl /Od /Oy- /D WIN32 /D _WINDOWS /D _DEBUG /D _CRT_SECURE_NO_WARNINGS /D _CRT_SECURE_NO_DEPRECATE /D _CRT_NONSTDC_NO_DEPRECATE /D _MBCS /D _AFXDLL /Gm /EHsc /RTC1 /MDd /GS /fp:precise /Zc:wchar_t /Zc:forScope /Yc"stdafx.h" /Fp"Debug\3DRecWindow.pch" /Fo"Debug\\" /Fd"Debug\vc120.pdb" /Gd /TP /analyze- /errorReport:prompt stdafx.cpp
         stdafx.cpp
     1>d:\program files (x86)\microsoft visual studio 12.0\vc\atlmfc\include\afx.h(38): warning C4996: 'MBCS_Support_Deprecated_In_MFC': MBCS support in MFC is deprecated and may be removed in a future version of MFC.
                 d:\program files (x86)\microsoft visual studio 12.0\vc\atlmfc\include\afx.h(33) : 参见“MBCS_Support_Deprecated_In_MFC”的声明
         D:\Program Files (x86)\Microsoft Visual Studio 12.0\VC\bin\CL.exe /c /ZI /nologo /W3 /WX- /sdl /Od /Oy- /D WIN32 /D _WINDOWS /D _DEBUG /D _CRT_SECURE_NO_WARNINGS /D _CRT_SECURE_NO_DEPRECATE /D _CRT_NONSTDC_NO_DEPRECATE /D _MBCS /D _AFXDLL /Gm /EHsc /RTC1 /MDd /GS /fp:precise /Zc:wchar_t /Zc:forScope /Yu"stdafx.h" /Fp"Debug\3DRecWindow.pch" /Fo"Debug\\" /Fd"Debug\vc120.pdb" /Gd /TP /analyze- /errorReport:prompt 3DRecWindow.cpp 3DRecWindowDlg.cpp CvvImage.cpp Dlg_BundlerMatcher.cpp Dlg_genOption.cpp Dlg_ImageMatch.cpp MenuEx.cpp PlyLoader.cpp utils.cpp
         utils.cpp
         PlyLoader.cpp
         MenuEx.cpp
         Dlg_ImageMatch.cpp
         Dlg_genOption.cpp
         Dlg_BundlerMatcher.cpp
     1>d:\cygwin\home\pan\3drecwindow\3drecwindow\dlg_bundlermatcher.cpp(9): warning C4067: 预处理器指令后有意外标记 - 应输入换行符
         CvvImage.cpp
         3DRecWindowDlg.cpp
     1>d:\cygwin\home\pan\3drecwindow\3drecwindow\3drecwindowdlg.cpp(445): warning C4800: “BOOL”: 将值强制为布尔值“true”或“false”(性能警告)
     1>d:\cygwin\home\pan\3drecwindow\3drecwindow\3drecwindowdlg.cpp(449): warning C4800: “BOOL”: 将值强制为布尔值“true”或“false”(性能警告)
     1>d:\cygwin\home\pan\3drecwindow\3drecwindow\3drecwindowdlg.cpp(439): warning C4101: “line”: 未引用的局部变量
     1>d:\cygwin\home\pan\3drecwindow\3drecwindow\3drecwindowdlg.cpp(440): warning C4101: “fn”: 未引用的局部变量
     1>d:\cygwin\home\pan\3drecwindow\3drecwindow\3drecwindowdlg.cpp(651): warning C4018: “<”: 有符号/无符号不匹配
     1>d:\cygwin\home\pan\3drecwindow\3drecwindow\3drecwindowdlg.cpp(790): warning C4018: “<”: 有符号/无符号不匹配
     1>d:\cygwin\home\pan\3drecwindow\3drecwindow\3drecwindowdlg.cpp(820): warning C4018: “<”: 有符号/无符号不匹配
     1>d:\cygwin\home\pan\3drecwindow\3drecwindow\3drecwindowdlg.cpp(1314): warning C4800: “BOOL”: 将值强制为布尔值“true”或“false”(性能警告)
     1>d:\cygwin\home\pan\3drecwindow\3drecwindow\3drecwindowdlg.cpp(1323): warning C4800: “BOOL”: 将值强制为布尔值“true”或“false”(性能警告)
     1>d:\cygwin\home\pan\3drecwindow\3drecwindow\3drecwindowdlg.cpp(1324): warning C4800: “BOOL”: 将值强制为布尔值“true”或“false”(性能警告)
     1>d:\cygwin\home\pan\3drecwindow\3drecwindow\3drecwindowdlg.cpp(1325): warning C4800: “BOOL”: 将值强制为布尔值“true”或“false”(性能警告)
     1>d:\cygwin\home\pan\3drecwindow\3drecwindow\3drecwindowdlg.cpp(1374): warning C4800: “BOOL”: 将值强制为布尔值“true”或“false”(性能警告)
     1>d:\cygwin\home\pan\3drecwindow\3drecwindow\3drecwindowdlg.cpp(1375): warning C4800: “BOOL”: 将值强制为布尔值“true”或“false”(性能警告)
     1>d:\cygwin\home\pan\3drecwindow\3drecwindow\3drecwindowdlg.cpp(1376): warning C4800: “BOOL”: 将值强制为布尔值“true”或“false”(性能警告)
         3DRecWindow.cpp
         正在生成代码...
       ResourceCompile:
         C:\Program Files (x86)\Windows Kits\8.1\bin\x86\rc.exe /D _DEBUG /D _AFXDLL /l"0x0804" /IDebug\ /nologo /fo"Debug\3DRecWindow.res" 3DRecWindow.rc 
       Link:
         D:\Program Files (x86)\Microsoft Visual Studio 12.0\VC\bin\link.exe /ERRORREPORT:PROMPT /OUT:"D:\cygwin\home\pan\3DRecWindow\Debug\3DRecWindow.exe" /INCREMENTAL /NOLOGO opencv_ml249d.lib opencv_calib3d249d.lib opencv_contrib249d.lib opencv_core249d.lib opencv_features2d249d.lib opencv_flann249d.lib opencv_gpu249d.lib opencv_highgui249d.lib opencv_imgproc249d.lib opencv_legacy249d.lib opencv_objdetect249d.lib opencv_ts249d.lib opencv_video249d.lib opencv_nonfree249d.lib opencv_ocl249d.lib opencv_photo249d.lib opencv_stitching249d.lib opencv_superres249d.lib opencv_videostab249d.lib /MANIFEST /MANIFESTUAC:"level='asInvoker' uiAccess='false'" /manifest:embed /manifestinput:"D:\Program Files (x86)\Microsoft Visual Studio 12.0\VC\Include\Manifest\dpiaware.manifest" /DEBUG /PDB:"D:\cygwin\home\pan\3DRecWindow\Debug\3DRecWindow.pdb" /SUBSYSTEM:WINDOWS /TLBID:1 /DYNAMICBASE /NXCOMPAT /IMPLIB:"D:\cygwin\home\pan\3DRecWindow\Debug\3DRecWindow.lib" /MACHINE:X86 Debug\3DRecWindow.res
         Debug\3DRecWindow.obj
         Debug\3DRecWindowDlg.obj
         Debug\CvvImage.obj
         Debug\Dlg_BundlerMatcher.obj
         Debug\Dlg_genOption.obj
         Debug\Dlg_ImageMatch.obj
         Debug\MenuEx.obj
         Debug\PlyLoader.obj
         Debug\stdafx.obj
         Debug\utils.obj
         3DRecWindow.vcxproj -> D:\cygwin\home\pan\3DRecWindow\Debug\3DRecWindow.exe
     1>已完成生成项目“D:\cygwin\home\pan\3DRecWindow\3DRecWindow\3DRecWindow.vcxproj”(Build 个目标)的操作。

生成成功。

已用时间 00:00:11.53
