c:\users\pan\desktop\3drecwindow\3drecwindow\debug\3drecwindow.pch
c:\users\pan\desktop\3drecwindow\3drecwindow\debug\vc120.pdb
c:\users\pan\desktop\3drecwindow\3drecwindow\debug\vc120.idb
c:\users\pan\desktop\3drecwindow\3drecwindow\debug\stdafx.obj
c:\users\pan\desktop\3drecwindow\3drecwindow\debug\3drecwindow.obj
c:\users\pan\desktop\3drecwindow\3drecwindow\debug\3drecwindowdlg.obj
c:\users\pan\desktop\3drecwindow\3drecwindow\debug\cvvimage.obj
c:\users\pan\desktop\3drecwindow\3drecwindow\debug\dlg_bundlermatcher.obj
c:\users\pan\desktop\3drecwindow\3drecwindow\debug\dlg_genoption.obj
c:\users\pan\desktop\3drecwindow\3drecwindow\debug\menuex.obj
c:\users\pan\desktop\3drecwindow\3drecwindow\debug\plyloader.obj
c:\users\pan\desktop\3drecwindow\3drecwindow\debug\utils.obj
c:\users\pan\desktop\3drecwindow\debug\3drecwindow.ilk
c:\users\pan\desktop\3drecwindow\debug\3drecwindow.exe
c:\users\pan\desktop\3drecwindow\debug\3drecwindow.pdb
c:\users\pan\desktop\3drecwindow\3drecwindow\debug\3drecwindow.res
c:\users\pan\desktop\3drecwindow\3drecwindow\debug\3drecwindow.tlog\cl.command.1.tlog
c:\users\pan\desktop\3drecwindow\3drecwindow\debug\3drecwindow.tlog\cl.read.1.tlog
c:\users\pan\desktop\3drecwindow\3drecwindow\debug\3drecwindow.tlog\cl.write.1.tlog
c:\users\pan\desktop\3drecwindow\3drecwindow\debug\3drecwindow.tlog\link.command.1.tlog
c:\users\pan\desktop\3drecwindow\3drecwindow\debug\3drecwindow.tlog\link.read.1.tlog
c:\users\pan\desktop\3drecwindow\3drecwindow\debug\3drecwindow.tlog\link.write.1.tlog
c:\users\pan\desktop\3drecwindow\3drecwindow\debug\3drecwindow.tlog\rc.command.1.tlog
c:\users\pan\desktop\3drecwindow\3drecwindow\debug\3drecwindow.tlog\rc.read.1.tlog
c:\users\pan\desktop\3drecwindow\3drecwindow\debug\3drecwindow.tlog\rc.write.1.tlog
