23:53:25: Creating resource group General
23:53:25: Creating resource group Internal
23:53:25: Creating resource group Autodetect
23:53:25: SceneManagerFactory for type 'DefaultSceneManager' registered.
23:53:25: Registering ResourceManager for type Material
23:53:25: Registering ResourceManager for type Mesh
23:53:25: Registering ResourceManager for type Skeleton
23:53:25: MovableObjectFactory for type 'ParticleSystem' registered.
23:53:25: OverlayElementFactory for type Panel registered.
23:53:25: OverlayElementFactory for type BorderPanel registered.
23:53:25: OverlayElementFactory for type TextArea registered.
23:53:25: Registering ResourceManager for type Font
23:53:25: ArchiveFactory for archive type FileSystem registered.
23:53:25: ArchiveFactory for archive type Zip registered.
23:53:25: DDS codec registering
23:53:25: FreeImage version: 3.13.1
23:53:25: This program uses FreeImage, a free, open source image library supporting all common bitmap formats. See http://freeimage.sourceforge.net for details
23:53:25: Supported formats: bmp,ico,jpg,jif,jpeg,jpe,jng,koa,iff,lbm,mng,pbm,pbm,pcd,pcx,pgm,pgm,png,ppm,ppm,ras,tga,targa,tif,tiff,wap,wbmp,wbm,psd,cut,xbm,xpm,gif,hdr,g3,sgi,exr,j2k,j2c,jp2,pfm,pct,pict,pic,bay,bmq,cr2,crw,cs1,dc2,dcr,dng,erf,fff,hdr,k25,kdc,mdc,mos,mrw,nef,orf,pef,pxn,raf,raw,rdc,sr2,srf,arw,3fr,cine,ia,kc2,mef,nrw,qtk,rw2,sti,drf,dsc,ptx,cap,iiq,rwz
23:53:25: Registering ResourceManager for type HighLevelGpuProgram
23:53:25: Registering ResourceManager for type Compositor
23:53:25: MovableObjectFactory for type 'Entity' registered.
23:53:25: MovableObjectFactory for type 'Light' registered.
23:53:25: MovableObjectFactory for type 'BillboardSet' registered.
23:53:25: MovableObjectFactory for type 'ManualObject' registered.
23:53:25: MovableObjectFactory for type 'BillboardChain' registered.
23:53:25: MovableObjectFactory for type 'RibbonTrail' registered.
23:53:25: OGRE EXCEPTION(6:FileNotFoundException): 'plugins.cfg' file not found! in ConfigFile::load at ..\..\OgreMain\src\OgreConfigFile.cpp (line 83)
23:53:25: plugins.cfg not found, automatic plugin loading disabled.
23:53:25: *-*-* OGRE Initialising
23:53:25: *-*-* Version 1.7.0 (Cthugha)
23:53:25: OGRE EXCEPTION(6:FileNotFoundException): 'ogre.cfg' file not found! in ConfigFile::load at ..\..\OgreMain\src\OgreConfigFile.cpp (line 83)
23:53:33: *-*-* OGRE Shutdown
23:53:33: Unregistering ResourceManager for type Compositor
23:53:33: Unregistering ResourceManager for type Font
23:53:33: Unregistering ResourceManager for type Skeleton
23:53:33: Unregistering ResourceManager for type Mesh
23:53:33: Unregistering ResourceManager for type HighLevelGpuProgram
23:53:33: Unregistering ResourceManager for type Material
